<?xml version="1.0" encoding="UTF-8"?>
<testng-results ignored="0" total="8" passed="8" failed="0" skipped="0">
  <reporter-output>
  </reporter-output>
  <suite started-at="2024-01-25T00:30:18 IST" name="Suite" finished-at="2024-01-25T00:32:53 IST" duration-ms="155760">
    <groups>
      <group name="cucumber">
        <method signature="AbstractTestNGCucumberTests.runScenario(io.cucumber.testng.PickleWrapper,io.cucumber.testng.FeatureWrapper)[pri:0, instance:aut.runner.runnerTest@2a265ea9]" name="runScenario" class="io.cucumber.testng.AbstractTestNGCucumberTests"/>
      </group> <!-- cucumber -->
    </groups>
    <test started-at="2024-01-25T00:30:18 IST" name="Test" finished-at="2024-01-25T00:32:53 IST" duration-ms="155760">
      <class name="aut.runner.runnerTest">
        <test-method is-config="true" signature="setUpClass(org.testng.ITestContext)[pri:0, instance:aut.runner.runnerTest@2a265ea9]" started-at="2024-01-25T00:30:18 IST" name="setUpClass" finished-at="2024-01-25T00:30:18 IST" duration-ms="830" status="PASS">
          <params>
            <param index="0">
              <value>
                <![CDATA[org.testng.TestRunner@50cdfafa]]>
              </value>
            </param>
          </params>
          <reporter-output>
          </reporter-output>
        </test-method> <!-- setUpClass -->
        <test-method signature="runScenario(io.cucumber.testng.PickleWrapper,io.cucumber.testng.FeatureWrapper)[pri:0, instance:aut.runner.runnerTest@2a265ea9]" started-at="2024-01-25T00:30:18 IST" name="runScenario" description="Runs Cucumber Scenarios" data-provider="scenarios" finished-at="2024-01-25T00:30:34 IST" duration-ms="16011" status="PASS">
          <params>
            <param index="0">
              <value>
                <![CDATA["Launch AUT url"]]>
              </value>
            </param>
            <param index="1">
              <value>
                <![CDATA["Draw flowchart scenarios"]]>
              </value>
            </param>
          </params>
          <reporter-output>
          </reporter-output>
        </test-method> <!-- runScenario -->
        <test-method signature="runScenario(io.cucumber.testng.PickleWrapper,io.cucumber.testng.FeatureWrapper)[pri:0, instance:aut.runner.runnerTest@2a265ea9]" started-at="2024-01-25T00:30:34 IST" name="runScenario" description="Runs Cucumber Scenarios" data-provider="scenarios" finished-at="2024-01-25T00:31:00 IST" duration-ms="25438" status="PASS">
          <params>
            <param index="0">
              <value>
                <![CDATA["Create a Flowchart"]]>
              </value>
            </param>
            <param index="1">
              <value>
                <![CDATA["Draw flowchart scenarios"]]>
              </value>
            </param>
          </params>
          <reporter-output>
          </reporter-output>
        </test-method> <!-- runScenario -->
        <test-method signature="runScenario(io.cucumber.testng.PickleWrapper,io.cucumber.testng.FeatureWrapper)[pri:0, instance:aut.runner.runnerTest@2a265ea9]" started-at="2024-01-25T00:31:00 IST" name="runScenario" description="Runs Cucumber Scenarios" data-provider="scenarios" finished-at="2024-01-25T00:31:03 IST" duration-ms="3348" status="PASS">
          <params>
            <param index="0">
              <value>
                <![CDATA["Update a Flowchart shape"]]>
              </value>
            </param>
            <param index="1">
              <value>
                <![CDATA["Draw flowchart scenarios"]]>
              </value>
            </param>
          </params>
          <reporter-output>
          </reporter-output>
        </test-method> <!-- runScenario -->
        <test-method signature="runScenario(io.cucumber.testng.PickleWrapper,io.cucumber.testng.FeatureWrapper)[pri:0, instance:aut.runner.runnerTest@2a265ea9]" started-at="2024-01-25T00:31:03 IST" name="runScenario" description="Runs Cucumber Scenarios" data-provider="scenarios" finished-at="2024-01-25T00:31:36 IST" duration-ms="32868" status="PASS">
          <params>
            <param index="0">
              <value>
                <![CDATA["Delete a Flowchart shape"]]>
              </value>
            </param>
            <param index="1">
              <value>
                <![CDATA["Draw flowchart scenarios"]]>
              </value>
            </param>
          </params>
          <reporter-output>
          </reporter-output>
        </test-method> <!-- runScenario -->
        <test-method signature="runScenario(io.cucumber.testng.PickleWrapper,io.cucumber.testng.FeatureWrapper)[pri:0, instance:aut.runner.runnerTest@2a265ea9]" started-at="2024-01-25T00:31:36 IST" name="runScenario" description="Runs Cucumber Scenarios" data-provider="scenarios" finished-at="2024-01-25T00:31:46 IST" duration-ms="9517" status="PASS">
          <params>
            <param index="0">
              <value>
                <![CDATA["Update Flowchart text"]]>
              </value>
            </param>
            <param index="1">
              <value>
                <![CDATA["Draw flowchart scenarios"]]>
              </value>
            </param>
          </params>
          <reporter-output>
          </reporter-output>
        </test-method> <!-- runScenario -->
        <test-method signature="runScenario(io.cucumber.testng.PickleWrapper,io.cucumber.testng.FeatureWrapper)[pri:0, instance:aut.runner.runnerTest@2a265ea9]" started-at="2024-01-25T00:31:46 IST" name="runScenario" description="Runs Cucumber Scenarios" data-provider="scenarios" finished-at="2024-01-25T00:31:49 IST" duration-ms="3304" status="PASS">
          <params>
            <param index="0">
              <value>
                <![CDATA["Delete Flowchart text"]]>
              </value>
            </param>
            <param index="1">
              <value>
                <![CDATA["Draw flowchart scenarios"]]>
              </value>
            </param>
          </params>
          <reporter-output>
          </reporter-output>
        </test-method> <!-- runScenario -->
        <test-method signature="runScenario(io.cucumber.testng.PickleWrapper,io.cucumber.testng.FeatureWrapper)[pri:0, instance:aut.runner.runnerTest@2a265ea9]" started-at="2024-01-25T00:31:49 IST" name="runScenario" description="Runs Cucumber Scenarios" data-provider="scenarios" finished-at="2024-01-25T00:32:20 IST" duration-ms="31564" status="PASS">
          <params>
            <param index="0">
              <value>
                <![CDATA["Negative validation for Shape search text field"]]>
              </value>
            </param>
            <param index="1">
              <value>
                <![CDATA["Draw flowchart scenarios"]]>
              </value>
            </param>
          </params>
          <reporter-output>
          </reporter-output>
        </test-method> <!-- runScenario -->
        <test-method signature="runScenario(io.cucumber.testng.PickleWrapper,io.cucumber.testng.FeatureWrapper)[pri:0, instance:aut.runner.runnerTest@2a265ea9]" started-at="2024-01-25T00:32:20 IST" name="runScenario" description="Runs Cucumber Scenarios" data-provider="scenarios" finished-at="2024-01-25T00:32:53 IST" duration-ms="32662" status="PASS">
          <params>
            <param index="0">
              <value>
                <![CDATA["Delete Flowchart"]]>
              </value>
            </param>
            <param index="1">
              <value>
                <![CDATA["Draw flowchart scenarios"]]>
              </value>
            </param>
          </params>
          <reporter-output>
          </reporter-output>
        </test-method> <!-- runScenario -->
        <test-method is-config="true" signature="tearDownClass()[pri:0, instance:aut.runner.runnerTest@2a265ea9]" started-at="2024-01-25T00:32:53 IST" name="tearDownClass" finished-at="2024-01-25T00:32:53 IST" duration-ms="144" status="PASS">
          <reporter-output>
          </reporter-output>
        </test-method> <!-- tearDownClass -->
      </class> <!-- aut.runner.runnerTest -->
    </test> <!-- Test -->
  </suite> <!-- Suite -->
</testng-results>
